C:\Users\Kseniya\documents\visual studio 2010\Projects\Hatching\Hatching\Release\cl.command.1.tlog
C:\Users\Kseniya\documents\visual studio 2010\Projects\Hatching\Hatching\Release\CL.read.1.tlog
C:\Users\Kseniya\documents\visual studio 2010\Projects\Hatching\Hatching\Release\CL.write.1.tlog
C:\USERS\KSENIYA\DOCUMENTS\VISUAL STUDIO 2010\PROJECTS\HATCHING\HATCHING\RELEASE\CURVATURE.OBJ
C:\Users\Kseniya\documents\visual studio 2010\Projects\Hatching\Hatching\Release\Hatching.exe.intermediate.manifest
C:\USERS\KSENIYA\DOCUMENTS\VISUAL STUDIO 2010\PROJECTS\HATCHING\HATCHING\RELEASE\IMAGE_GENERATION.OBJ
C:\Users\Kseniya\documents\visual studio 2010\Projects\Hatching\Hatching\Release\link.command.1.tlog
C:\Users\Kseniya\documents\visual studio 2010\Projects\Hatching\Hatching\Release\link.read.1.tlog
C:\Users\Kseniya\documents\visual studio 2010\Projects\Hatching\Hatching\Release\link.write.1.tlog
C:\USERS\KSENIYA\DOCUMENTS\VISUAL STUDIO 2010\PROJECTS\HATCHING\HATCHING\RELEASE\MAIN.OBJ
C:\USERS\KSENIYA\DOCUMENTS\VISUAL STUDIO 2010\PROJECTS\HATCHING\HATCHING\RELEASE\MESH_FEATURES.OBJ
C:\Users\Kseniya\documents\visual studio 2010\Projects\Hatching\Hatching\Release\mt.command.1.tlog
C:\Users\Kseniya\documents\visual studio 2010\Projects\Hatching\Hatching\Release\mt.read.1.tlog
C:\Users\Kseniya\documents\visual studio 2010\Projects\Hatching\Hatching\Release\mt.write.1.tlog
C:\USERS\KSENIYA\DOCUMENTS\VISUAL STUDIO 2010\PROJECTS\HATCHING\HATCHING\RELEASE\OBBOX.OBJ
C:\USERS\KSENIYA\DOCUMENTS\VISUAL STUDIO 2010\PROJECTS\HATCHING\HATCHING\RELEASE\SHADER.OBJ
C:\USERS\KSENIYA\DOCUMENTS\VISUAL STUDIO 2010\PROJECTS\HATCHING\HATCHING\RELEASE\STREAMLINES.OBJ
C:\USERS\KSENIYA\DOCUMENTS\VISUAL STUDIO 2010\PROJECTS\HATCHING\HATCHING\RELEASE\TRIANGLE.OBJ
C:\USERS\KSENIYA\DOCUMENTS\VISUAL STUDIO 2010\PROJECTS\HATCHING\HATCHING\RELEASE\VC100.PDB
C:\USERS\KSENIYA\DOCUMENTS\VISUAL STUDIO 2010\PROJECTS\HATCHING\RELEASE\HATCHING.EXE
C:\Users\Kseniya\documents\visual studio 2010\Projects\Hatching\Release\Hatching.pdb
