Build started 3/11/2013 4:15:58 PM.
     1>Project "C:\Users\Kseniya\documents\visual studio 2010\Projects\Hatching\Hatching\Hatching.vcxproj" on node 2 (build target(s)).
     1>InitializeBuildStatus:
         Creating "Release\Hatching.unsuccessfulbuild" because "AlwaysCreate" was specified.
       ClCompile:
         c:\Program Files\Microsoft Visual Studio 10.0\VC\bin\CL.exe /c /I"C:\Program Files\OpenMesh 2.3\include" /I"C:\CS348A\HW4\eigen-eigen-5097c01bcdc4" /Zi /nologo /W3 /WX- /O2 /Oi /Oy- /GL /D WIN32 /D NDEBUG /D _CONSOLE /D _UNICODE /D UNICODE /Gm- /EHsc /MD /GS /Gy /fp:precise /Zc:wchar_t /Zc:forScope /Fo"Release\\" /Fd"Release\vc100.pdb" /Gd /TP /analyze- /errorReport:prompt main.cpp
         main.cpp
     1>main.cpp(226): warning C4620: no postfix form of 'operator ++' found for type 'OpenMesh::Iterators::ConstFaceVertexIterT<Mesh>', using prefix form
                 with
                 [
                     Mesh=OpenMesh::PolyConnectivity::This
                 ]
       Link:
         c:\Program Files\Microsoft Visual Studio 10.0\VC\bin\link.exe /ERRORREPORT:PROMPT /OUT:"C:\Users\Kseniya\documents\visual studio 2010\Projects\Hatching\Release\Hatching.exe" /INCREMENTAL:NO /NOLOGO /LIBPATH:"C:\Program Files\OpenMesh 2.3\lib" glu32.lib kernel32.lib user32.lib gdi32.lib winspool.lib comdlg32.lib advapi32.lib shell32.lib ole32.lib oleaut32.lib uuid.lib odbc32.lib odbccp32.lib /MANIFEST /ManifestFile:"Release\Hatching.exe.intermediate.manifest" /MANIFESTUAC:"level='asInvoker' uiAccess='false'" /DEBUG /PDB:"C:\Users\Kseniya\documents\visual studio 2010\Projects\Hatching\Release\Hatching.pdb" /SUBSYSTEM:CONSOLE /OPT:REF /OPT:ICF /LTCG /TLBID:1 /DYNAMICBASE /NXCOMPAT /IMPLIB:"C:\Users\Kseniya\documents\visual studio 2010\Projects\Hatching\Release\Hatching.lib" /MACHINE:X86 Release\curvature.obj
         Release\image_generation.obj
         Release\main.obj
         Release\mesh_features.obj
         Release\OBBox.obj
         Release\Shader.obj
         Release\StreamLines.obj
         Release\Triangle.obj
         Generating code
         Finished generating code
         Hatching.vcxproj -> C:\Users\Kseniya\documents\visual studio 2010\Projects\Hatching\Release\Hatching.exe
       Manifest:
         C:\Program Files\Microsoft SDKs\Windows\v7.0A\bin\mt.exe /nologo /verbose /outputresource:"C:\Users\Kseniya\documents\visual studio 2010\Projects\Hatching\Release\Hatching.exe;#1" /manifest Release\Hatching.exe.intermediate.manifest
       FinalizeBuildStatus:
         Deleting file "Release\Hatching.unsuccessfulbuild".
         Touching "Release\Hatching.lastbuildstate".
     1>Done Building Project "C:\Users\Kseniya\documents\visual studio 2010\Projects\Hatching\Hatching\Hatching.vcxproj" (build target(s)).

Build succeeded.

Time Elapsed 00:00:19.94
